<?xml version="1.0" encoding="UTF-8"?>
<testsuite xmlns:xsi="http://www.w3.org/2001/XMLSchema-instance" xsi:noNamespaceSchemaLocation="https://maven.apache.org/surefire/maven-surefire-plugin/xsd/surefire-test-report.xsd" version="3.0.2" name="ru.sber.cargotech.ai.AiApplicationTests" time="4.967" tests="1" errors="0" skipped="0" failures="0" flakes="0">
  <properties>
[...]
</properties>
  <testcase name="contextLoads" classname="ru.sber.cargotech.ai.AiApplicationTests" time="1.117">
    <system-out><![CDATA[06:52:52.314 [main] INFO org.springframework.test.context.support.AnnotationConfigContextLoaderUtils -- Could not detect default configuration classes for test class [ru.sber.cargotech.ai.AiApplicationTests]: AiApplicationTests does not declare any static, non-private, non-final, nested classes annotated with @Configuration.
06:52:52.804 [main] INFO org.springframework.boot.test.context.SpringBootTestContextBootstrapper -- Found @SpringBootConfiguration ru.sber.cargotech.ai.AiApplication for test class ru.sber.cargotech.ai.AiApplicationTests
06:52:53.010 [main] INFO org.springframework.test.context.support.AnnotationConfigContextLoaderUtils -- Could not detect default configuration classes for test class [ru.sber.cargotech.ai.AiApplicationTests]: AiApplicationTests does not declare any static, non-private, non-final, nested classes annotated with @Configuration.
06:52:53.012 [main] INFO org.springframework.boot.test.context.SpringBootTestContextBootstrapper -- Found @SpringBootConfiguration ru.sber.cargotech.ai.AiApplication for test class ru.sber.cargotech.ai.AiApplicationTests
06:52:53.147 [main] INFO org.springframework.boot.devtools.restart.RestartApplicationListener -- Restart disabled due to context in which it is running

  .   ____          _            __ _ _
 /\\ / ___'_ __ _ _(_)_ __  __ _ \ \ \ \
( ( )\___ | '_ | '_| | '_ \/ _` | \ \ \ \
 \\/  ___)| |_)| | | | | || (_| |  ) ) ) )
  '  |____| .__|_| |_|_| |_\__, | / / / /
 =========|_|==============|___/=/_/_/_/

 :: Spring Boot ::                (v4.1.0)

2026-07-30T06:52:53.586+03:00  INFO 7588 --- [cargotech-ai] [           main] r.sber.cargotech.ai.AiApplicationTests   : Starting AiApplicationTests using Java 21.0.11 with PID 7588 (started by aramb in C:\Users\aramb\projects\Cargotech-AI\ai)
2026-07-30T06:52:53.589+03:00  INFO 7588 --- [cargotech-ai] [           main] r.sber.cargotech.ai.AiApplicationTests   : No active profile set, falling back to 1 default profile: "default"
2026-07-30T06:52:55.749+03:00  INFO 7588 --- [cargotech-ai] [           main] r.sber.cargotech.ai.AiApplicationTests   : Started AiApplicationTests in 2.628 seconds (process running for 5.595)
]]></system-out>
    <system-err><![CDATA[Mockito is currently self-attaching to enable the inline-mock-maker. This will no longer work in future releases of the JDK. Please add Mockito as an agent to your build as described in Mockito's documentation: https://javadoc.io/doc/org.mockito/mockito-core/latest/org.mockito/org/mockito/Mockito.html#0.3
WARNING: A Java agent has been loaded dynamically (C:\Users\aramb\.m2\repository\net\bytebuddy\byte-buddy-agent\1.18.10\byte-buddy-agent-1.18.10.jar)
WARNING: If a serviceability tool is in use, please run with -XX:+EnableDynamicAgentLoading to hide this warning
WARNING: If a serviceability tool is not in use, please run with -Djdk.instrument.traceUsage for more information
WARNING: Dynamic loading of agents will be disallowed by default in a future release
]]></system-err>
  </testcase>
</testsuite>